<?xml version="1.0" encoding="UTF-8"?>
<!-- Generated by org.testng.reporters.JUnitReportReporter -->
<testsuite hostname="shrinivas" failures="0" tests="3" name="rahulsheetyacademy.PageObjects.StandAloneTest" time="108.382" errors="0" timestamp="2024-12-12T05:44:20 IST" skipped="0">
  <testcase classname="rahulsheetyacademy.PageObjects.StandAloneTest" name="OrderHistory" time="10.281"/>
  <testcase classname="rahulsheetyacademy.PageObjects.StandAloneTest" name="submitOrder" time="49.387"/>
  <testcase classname="rahulsheetyacademy.PageObjects.StandAloneTest" name="submitOrder" time="48.714"/>
</testsuite> <!-- rahulsheetyacademy.PageObjects.StandAloneTest -->
