<?xml version="1.0" encoding="UTF-8"?>
<!-- Generated by org.testng.reporters.JUnitReportReporter -->
<testsuite hostname="shrinivas" failures="0" tests="1" name="rahulsheetyacademy.PageObjects.ErrorValidation" time="10.688" errors="0" timestamp="2024-12-10T03:18:44 IST" skipped="0">
  <testcase classname="rahulsheetyacademy.PageObjects.ErrorValidation" name="submitOrder" time="10.688"/>
</testsuite> <!-- rahulsheetyacademy.PageObjects.ErrorValidation -->
